#
# A fatal error has been detected by the Java Runtime Environment:
#
#  EXCEPTION_ACCESS_VIOLATION (0xc0000005) at pc=0x0000023dc59c1066, pid=6996, tid=0x0000000000004bdc
#
# JRE version: OpenJDK Runtime Environment (8.0_402-b06) (build 1.8.0_402-b06)
# Java VM: OpenJDK 64-Bit Server VM (25.402-b06 mixed mode windows-amd64 compressed oops)
# Problematic frame:
# C  [OpenAL64.dll+0x11066]
#
# Failed to write core dump. Minidumps are not enabled by default on client versions of Windows
#
# If you would like to submit a bug report, please visit:
#   https://github.com/adoptium/adoptium-support/issues
# The crash happened outside the Java Virtual Machine in native code.
# See problematic frame for where to report the bug.
#

---------------  T H R E A D  ---------------

Current thread (0x0000023da40cd800):  JavaThread "main" [_thread_in_native, id=19420, stack(0x000000d593900000,0x000000d593a00000)]

siginfo: ExceptionCode=0xc0000005, reading address 0x0000023dc3746004

Registers:
RAX=0x0000000000000001, RBX=0x0000023dc5ad0090, RCX=0x0000023dc3746008, RDX=0x0000023dc3746004
RSP=0x000000d5939fced0, RBP=0x00000000000000ff, RSI=0x0000023dc373afcc, RDI=0x0000000000000000
R8 =0x0000000000002c0e, R9 =0x0000023dc373afcc, R10=0x0000023da5aa9622, R11=0x0000000059648ff0
R12=0x0000000000000001, R13=0x0000023dc5495fa0, R14=0x000000d5939fd070, R15=0x0000023da40cd800
RIP=0x0000023dc59c1066, EFLAGS=0x0000000000010202

Top of Stack: (sp=0x000000d5939fced0)
0x000000d5939fced0:   0000000000000000 0000023da40cd800
0x000000d5939fcee0:   000000d5939fd070 0000023dc5495fa0
0x000000d5939fcef0:   0000023dc5495fa0 0000000000000000
0x000000d5939fcf00:   0000023da40cd800 0000000000000000
0x000000d5939fcf10:   000000d5939fd038 00000000594df2bb
0x000000d5939fcf20:   000000d5939fcf50 0000023da5aea2d3
0x000000d5939fcf30:   0000023da40cceb0 0000023da40ce2e0
0x000000d5939fcf40:   0000023da40cd800 000000d5939fd070
0x000000d5939fcf50:   0000023dc5495fa0 0000000000000000
0x000000d5939fcf60:   0000023dc373afcc 0000000000000248
0x000000d5939fcf70:   000000d5939fd038 0000023dc59c248f
0x000000d5939fcf80:   0000023dc5ad0090 0000023dc5ad0090
0x000000d5939fcf90:   0000023d0000ac44 0000023d00000001
0x000000d5939fcfa0:   0000023da5a97bd0 0000023da5aa964e
0x000000d5939fcfb0:   0000023dc5495fa0 0000000000000248
0x000000d5939fcfc0:   0000023da5a97bd0 0000023da5aa935b 

Instructions: (pc=0x0000023dc59c1066)
0x0000023dc59c1046:   41 2b ec 81 3a 03 00 02 00 75 09 8b 01 89 84 24
0x0000023dc59c1056:   c8 00 00 00 49 83 c0 02 48 83 c1 08 4a 8d 14 86
0x0000023dc59c1066:   39 3a 75 af 4c 8d 84 24 c0 00 00 00 48 8d 15 d7
0x0000023dc59c1076:   2b 03 00 33 c9 e8 58 5f 00 00 b8 40 1f 00 00 4c 


Register to memory mapping:

RAX=0x0000000000000001 is an unknown value
RBX=0x0000023dc5ad0090 is an unknown value
RCX=0x0000023dc3746008 is an unknown value
RDX=0x0000023dc3746004 is an unknown value
RSP=0x000000d5939fced0 is pointing into the stack for thread: 0x0000023da40cd800
RBP=0x00000000000000ff is an unknown value
RSI=0x0000023dc373afcc is an unknown value
RDI=0x0000000000000000 is an unknown value
R8 =0x0000000000002c0e is an unknown value
R9 =0x0000023dc373afcc is an unknown value
R10=0x0000023da5aa9622 is at code_begin+962 in an Interpreter codelet
method entry point (kind = native)  [0x0000023da5aa9260, 0x0000023da5aa9d00]  2720 bytes
R11=0x0000000059648ff0 is an unknown value
R12=0x0000000000000001 is an unknown value
R13={method} {0x0000023dc5495fa8} 'nalcCreateContext' '(JJ)J' in 'org/lwjgl/openal/ALC10'
R14=0x000000d5939fd070 is pointing into the stack for thread: 0x0000023da40cd800
R15=0x0000023da40cd800 is a thread


Stack: [0x000000d593900000,0x000000d593a00000],  sp=0x000000d5939fced0,  free space=1011k
Native frames: (J=compiled Java code, j=interpreted, Vv=VM code, C=native code)
C  [OpenAL64.dll+0x11066]
C  [OpenAL64.dll+0x1248f]
C  0x0000023da5aa964e

Java frames: (J=compiled Java code, j=interpreted, Vv=VM code)
j  org.lwjgl.openal.ALC10.nalcCreateContext(JJ)J+0
j  org.lwjgl.openal.ALC10.alcCreateContext(Lorg/lwjgl/openal/ALCdevice;Ljava/nio/IntBuffer;)Lorg/lwjgl/openal/ALCcontext;+8
j  org.lwjgl.openal.AL.init(Ljava/lang/String;IIZZ)V+69
j  org.lwjgl.openal.AL.create(Ljava/lang/String;IIZZ)V+246
j  org.lwjgl.openal.AL.create(Ljava/lang/String;IIZ)V+5
j  org.lwjgl.openal.AL.create()V+6
j  com.badlogic.gdx.backends.lwjgl.audio.OpenALAudio.<init>(III)V+114
j  com.badlogic.gdx.backends.lwjgl.LwjglApplication.<init>(Lcom/badlogic/gdx/ApplicationListener;Lcom/badlogic/gdx/backends/lwjgl/LwjglApplicationConfiguration;Lcom/badlogic/gdx/backends/lwjgl/LwjglGraphics;)V+120
j  com.badlogic.gdx.backends.lwjgl.LwjglApplication.<init>(Lcom/badlogic/gdx/ApplicationListener;Lcom/badlogic/gdx/backends/lwjgl/LwjglApplicationConfiguration;)V+11
j  org.uqbar.project.wollok.game.gameboard.WollokGDXApplication.<init>(Lorg/uqbar/project/wollok/game/gameboard/Gameboard;Ljava/lang/Boolean;)V+17
j  org.uqbar.project.wollok.game.helpers.Application.start(Lorg/uqbar/project/wollok/game/gameboard/Gameboard;Ljava/lang/Boolean;)V+5
j  org.uqbar.project.wollok.game.gameboard.Gameboard.start(Ljava/lang/Boolean;)V+13
j  wollok.game.GameObject.doStart(Ljava/lang/Boolean;)V+12
v  ~StubRoutines::call_stub
j  sun.reflect.NativeMethodAccessorImpl.invoke0(Ljava/lang/reflect/Method;Ljava/lang/Object;[Ljava/lang/Object;)Ljava/lang/Object;+0
j  sun.reflect.NativeMethodAccessorImpl.invoke(Ljava/lang/Object;[Ljava/lang/Object;)Ljava/lang/Object;+100
J 2659 C1 sun.reflect.DelegatingMethodAccessorImpl.invoke(Ljava/lang/Object;[Ljava/lang/Object;)Ljava/lang/Object; (10 bytes) @ 0x0000023da63427cc [0x0000023da63426c0+0x10c]
J 2645 C1 java.lang.reflect.Method.invoke(Ljava/lang/Object;[Ljava/lang/Object;)Ljava/lang/Object; (62 bytes) @ 0x0000023da6335eb4 [0x0000023da6335ac0+0x3f4]
j  org.uqbar.project.wollok.ui.utils.XTendUtilExtensions.invokeConvertingArgs(Ljava/lang/reflect/Method;Ljava/lang/Object;[Ljava/lang/Object;)Lorg/uqbar/project/wollok/interpreter/core/WollokObject;+261
j  org.uqbar.project.wollok.interpreter.AbstractWollokCallable._invokeNative(Ljava/lang/Object;Ljava/lang/String;[Lorg/uqbar/project/wollok/interpreter/core/WollokObject;)Lorg/uqbar/project/wollok/interpreter/core/WollokObject;+41
j  org.uqbar.project.wollok.interpreter.AbstractWollokCallable.invokeNative(Ljava/lang/Object;Ljava/lang/String;[Lorg/uqbar/project/wollok/interpreter/core/WollokObject;)Lorg/uqbar/project/wollok/interpreter/core/WollokObject;+26
j  org.uqbar.project.wollok.interpreter.AbstractWollokCallable$1.apply()Lorg/uqbar/project/wollok/interpreter/core/WollokObject;+55
j  org.uqbar.project.wollok.interpreter.AbstractWollokCallable$1.apply()Ljava/lang/Object;+1
j  org.uqbar.project.wollok.interpreter.threads.WThread.performOnStack(Lorg/eclipse/emf/ecore/EObject;Lorg/uqbar/project/wollok/interpreter/context/EvaluationContext;Lorg/eclipse/xtext/xbase/lib/Functions$Function0;)Lorg/uqbar/project/wollok/interpreter/core/WollokObject;+29
j  org.uqbar.project.wollok.interpreter.WollokInterpreter.performOnStack(Lorg/eclipse/emf/ecore/EObject;Lorg/uqbar/project/wollok/interpreter/context/EvaluationContext;Lorg/eclipse/xtext/xbase/lib/Functions$Function0;)Lorg/uqbar/project/wollok/interpreter/core/WollokObject;+7
j  org.uqbar.project.wollok.interpreter.AbstractWollokCallable.call(Lorg/uqbar/project/wollok/wollokDsl/WMethodDeclaration;[Lorg/uqbar/project/wollok/interpreter/core/WollokObject;)Lorg/uqbar/project/wollok/interpreter/core/WollokObject;+38
j  org.uqbar.project.wollok.interpreter.core.WollokObject.call(Ljava/lang/String;[Lorg/uqbar/project/wollok/interpreter/core/WollokObject;)Lorg/uqbar/project/wollok/interpreter/core/WollokObject;+55
j  org.uqbar.project.wollok.interpreter.WollokInterpreterEvaluator._evaluate(Lorg/uqbar/project/wollok/wollokDsl/WFeatureCall;)Lorg/uqbar/project/wollok/interpreter/core/WollokObject;+119
j  org.uqbar.project.wollok.launch.WollokLauncherInterpreterEvaluator.evaluate(Lorg/eclipse/emf/ecore/EObject;)Lorg/uqbar/project/wollok/interpreter/core/WollokObject;+412
j  org.uqbar.project.wollok.interpreter.WollokInterpreterEvaluator.evaluate(Lorg/eclipse/emf/ecore/EObject;)Ljava/lang/Object;+2
j  org.uqbar.project.wollok.interpreter.WollokInterpreter.eval(Lorg/eclipse/emf/ecore/EObject;)Lorg/uqbar/project/wollok/interpreter/core/WollokObject;+63
j  org.uqbar.project.wollok.interpreter.WollokInterpreterEvaluator.eval(Lorg/eclipse/emf/ecore/EObject;)Lorg/uqbar/project/wollok/interpreter/core/WollokObject;+5
j  org.uqbar.project.wollok.interpreter.WollokInterpreterEvaluator$1.apply(Lorg/uqbar/project/wollok/interpreter/core/WollokObject;Lorg/eclipse/emf/ecore/EObject;)Lorg/uqbar/project/wollok/interpreter/core/WollokObject;+5
j  org.uqbar.project.wollok.interpreter.WollokInterpreterEvaluator$1.apply(Ljava/lang/Object;Ljava/lang/Object;)Ljava/lang/Object;+9
j  org.eclipse.xtext.xbase.lib.IteratorExtensions.fold(Ljava/util/Iterator;Ljava/lang/Object;Lorg/eclipse/xtext/xbase/lib/Functions$Function2;)Ljava/lang/Object;+19
j  org.eclipse.xtext.xbase.lib.IterableExtensions.fold(Ljava/lang/Iterable;Ljava/lang/Object;Lorg/eclipse/xtext/xbase/lib/Functions$Function2;)Ljava/lang/Object;+8
j  org.uqbar.project.wollok.interpreter.WollokInterpreterEvaluator.evalAll(Ljava/lang/Iterable;)Lorg/uqbar/project/wollok/interpreter/core/WollokObject;+12
j  org.uqbar.project.wollok.interpreter.WollokInterpreterEvaluator._evaluate(Lorg/uqbar/project/wollok/wollokDsl/WBlockExpression;)Lorg/uqbar/project/wollok/interpreter/core/WollokObject;+34
j  org.uqbar.project.wollok.launch.WollokLauncherInterpreterEvaluator.evaluate(Lorg/eclipse/emf/ecore/EObject;)Lorg/uqbar/project/wollok/interpreter/core/WollokObject;+76
j  org.uqbar.project.wollok.interpreter.WollokInterpreterEvaluator.evaluate(Lorg/eclipse/emf/ecore/EObject;)Ljava/lang/Object;+2
j  org.uqbar.project.wollok.interpreter.WollokInterpreter.eval(Lorg/eclipse/emf/ecore/EObject;)Lorg/uqbar/project/wollok/interpreter/core/WollokObject;+63
j  org.uqbar.project.wollok.interpreter.AbstractWollokCallable.eval(Lorg/eclipse/emf/ecore/EObject;)Lorg/uqbar/project/wollok/interpreter/core/WollokObject;+5
j  org.uqbar.project.wollok.interpreter.AbstractWollokCallable$1.apply()Lorg/uqbar/project/wollok/interpreter/core/WollokObject;+110
j  org.uqbar.project.wollok.interpreter.AbstractWollokCallable$1.apply()Ljava/lang/Object;+1
j  org.uqbar.project.wollok.interpreter.threads.WThread.performOnStack(Lorg/eclipse/emf/ecore/EObject;Lorg/uqbar/project/wollok/interpreter/context/EvaluationContext;Lorg/eclipse/xtext/xbase/lib/Functions$Function0;)Lorg/uqbar/project/wollok/interpreter/core/WollokObject;+29
j  org.uqbar.project.wollok.interpreter.WollokInterpreter.performOnStack(Lorg/eclipse/emf/ecore/EObject;Lorg/uqbar/project/wollok/interpreter/context/EvaluationContext;Lorg/eclipse/xtext/xbase/lib/Functions$Function0;)Lorg/uqbar/project/wollok/interpreter/core/WollokObject;+7
j  org.uqbar.project.wollok.interpreter.AbstractWollokCallable.call(Lorg/uqbar/project/wollok/wollokDsl/WMethodDeclaration;[Lorg/uqbar/project/wollok/interpreter/core/WollokObject;)Lorg/uqbar/project/wollok/interpreter/core/WollokObject;+38
j  org.uqbar.project.wollok.interpreter.core.WollokObject.call(Ljava/lang/String;[Lorg/uqbar/project/wollok/interpreter/core/WollokObject;)Lorg/uqbar/project/wollok/interpreter/core/WollokObject;+55
j  org.uqbar.project.wollok.interpreter.WollokInterpreterEvaluator._evaluate(Lorg/uqbar/project/wollok/wollokDsl/WFeatureCall;)Lorg/uqbar/project/wollok/interpreter/core/WollokObject;+119
j  org.uqbar.project.wollok.launch.WollokLauncherInterpreterEvaluator.evaluate(Lorg/eclipse/emf/ecore/EObject;)Lorg/uqbar/project/wollok/interpreter/core/WollokObject;+412
j  org.uqbar.project.wollok.interpreter.WollokInterpreterEvaluator.evaluate(Lorg/eclipse/emf/ecore/EObject;)Ljava/lang/Object;+2
j  org.uqbar.project.wollok.interpreter.WollokInterpreter.eval(Lorg/eclipse/emf/ecore/EObject;)Lorg/uqbar/project/wollok/interpreter/core/WollokObject;+63
j  org.uqbar.project.wollok.interpreter.WollokInterpreterEvaluator.eval(Lorg/eclipse/emf/ecore/EObject;)Lorg/uqbar/project/wollok/interpreter/core/WollokObject;+5
j  org.uqbar.project.wollok.interpreter.WollokInterpreterEvaluator$1.apply(Lorg/uqbar/project/wollok/interpreter/core/WollokObject;Lorg/eclipse/emf/ecore/EObject;)Lorg/uqbar/project/wollok/interpreter/core/WollokObject;+5
j  org.uqbar.project.wollok.interpreter.WollokInterpreterEvaluator$1.apply(Ljava/lang/Object;Ljava/lang/Object;)Ljava/lang/Object;+9
j  org.eclipse.xtext.xbase.lib.IteratorExtensions.fold(Ljava/util/Iterator;Ljava/lang/Object;Lorg/eclipse/xtext/xbase/lib/Functions$Function2;)Ljava/lang/Object;+19
j  org.eclipse.xtext.xbase.lib.IterableExtensions.fold(Ljava/lang/Iterable;Ljava/lang/Object;Lorg/eclipse/xtext/xbase/lib/Functions$Function2;)Ljava/lang/Object;+8
j  org.uqbar.project.wollok.interpreter.WollokInterpreterEvaluator.evalAll(Ljava/lang/Iterable;)Lorg/uqbar/project/wollok/interpreter/core/WollokObject;+12
j  org.uqbar.project.wollok.interpreter.WollokInterpreterEvaluator._evaluate(Lorg/uqbar/project/wollok/wollokDsl/WProgram;)Lorg/uqbar/project/wollok/interpreter/core/WollokObject;+18
j  org.uqbar.project.wollok.launch.WollokLauncherInterpreterEvaluator.evaluate(Lorg/eclipse/emf/ecore/EObject;)Lorg/uqbar/project/wollok/interpreter/core/WollokObject;+444
j  org.uqbar.project.wollok.interpreter.WollokInterpreterEvaluator.evaluate(Lorg/eclipse/emf/ecore/EObject;)Ljava/lang/Object;+2
j  org.uqbar.project.wollok.interpreter.WollokInterpreter.eval(Lorg/eclipse/emf/ecore/EObject;)Lorg/uqbar/project/wollok/interpreter/core/WollokObject;+63
j  org.uqbar.project.wollok.interpreter.WollokInterpreterEvaluator.eval(Lorg/eclipse/emf/ecore/EObject;)Lorg/uqbar/project/wollok/interpreter/core/WollokObject;+5
j  org.uqbar.project.wollok.launch.WollokLauncherInterpreterEvaluator._evaluate(Lorg/uqbar/project/wollok/wollokDsl/WFile;)Lorg/uqbar/project/wollok/interpreter/core/WollokObject;+32
j  org.uqbar.project.wollok.launch.WollokLauncherInterpreterEvaluator.evaluate(Lorg/eclipse/emf/ecore/EObject;)Lorg/uqbar/project/wollok/interpreter/core/WollokObject;+428
j  org.uqbar.project.wollok.interpreter.WollokInterpreterEvaluator.evaluate(Lorg/eclipse/emf/ecore/EObject;)Ljava/lang/Object;+2
j  org.uqbar.project.wollok.interpreter.WollokInterpreter.interpret(Lorg/eclipse/emf/ecore/EObject;Ljava/lang/Boolean;)Lorg/uqbar/project/wollok/interpreter/core/WollokObject;+25
j  org.uqbar.project.wollok.interpreter.WollokInterpreter.interpret(Lorg/eclipse/emf/ecore/EObject;)Lorg/uqbar/project/wollok/interpreter/core/WollokObject;+8
j  org.uqbar.project.wollok.launch.WollokLauncher.doSomething(Lorg/uqbar/project/wollok/wollokDsl/WFile;Lcom/google/inject/Injector;Ljava/io/File;Lorg/uqbar/project/wollok/launch/WollokLauncherParameters;)V+109
j  org.uqbar.project.wollok.launch.WollokChecker.launch(Ljava/lang/String;Lorg/uqbar/project/wollok/launch/WollokLauncherParameters;)V+31
j  org.uqbar.project.wollok.launch.WollokChecker.doMain([Ljava/lang/String;)V+205
j  org.uqbar.project.wollok.launch.WollokLauncher.main([Ljava/lang/String;)V+8
v  ~StubRoutines::call_stub

---------------  P R O C E S S  ---------------

Java Threads: ( => current thread )
  0x0000023dc1af4000 JavaThread "com.google.inject.internal.util.$Finalizer" daemon [_thread_blocked, id=10480, stack(0x000000d594e00000,0x000000d594f00000)]
  0x0000023dc195f800 JavaThread "EMF Reference Cleaner" daemon [_thread_blocked, id=4856, stack(0x000000d594d00000,0x000000d594e00000)]
  0x0000023dbeedc800 JavaThread "Service Thread" daemon [_thread_blocked, id=9544, stack(0x000000d594b00000,0x000000d594c00000)]
  0x0000023dbee96000 JavaThread "C1 CompilerThread3" daemon [_thread_blocked, id=10640, stack(0x000000d594a00000,0x000000d594b00000)]
  0x0000023dbee83000 JavaThread "C2 CompilerThread2" daemon [_thread_blocked, id=3532, stack(0x000000d594900000,0x000000d594a00000)]
  0x0000023dbee80000 JavaThread "C2 CompilerThread1" daemon [_thread_blocked, id=8640, stack(0x000000d594800000,0x000000d594900000)]
  0x0000023dbee76000 JavaThread "C2 CompilerThread0" daemon [_thread_blocked, id=15728, stack(0x000000d594700000,0x000000d594800000)]
  0x0000023dbee6f800 JavaThread "Attach Listener" daemon [_thread_blocked, id=18804, stack(0x000000d594600000,0x000000d594700000)]
  0x0000023dbee6e800 JavaThread "Signal Dispatcher" daemon [_thread_blocked, id=17324, stack(0x000000d594500000,0x000000d594600000)]
  0x0000023dbee44800 JavaThread "Finalizer" daemon [_thread_blocked, id=17448, stack(0x000000d594400000,0x000000d594500000)]
  0x0000023dbee3d000 JavaThread "Reference Handler" daemon [_thread_blocked, id=9484, stack(0x000000d594300000,0x000000d594400000)]
=>0x0000023da40cd800 JavaThread "main" [_thread_in_native, id=19420, stack(0x000000d593900000,0x000000d593a00000)]

Other Threads:
  0x0000023dbee15800 VMThread [stack: 0x000000d594200000,0x000000d594300000] [id=14436]
  0x0000023dbeede800 WatcherThread [stack: 0x000000d594c00000,0x000000d594d00000] [id=12584]

VM state:not at safepoint (normal execution)

VM Mutex/Monitor currently owned by a thread: None

heap address: 0x00000006c0400000, size: 4092 MB, Compressed Oops mode: Zero based, Oop shift amount: 3
Narrow klass base: 0x0000000000000000, Narrow klass shift: 3
Compressed class space size: 1073741824 Address: 0x00000007c0000000

Heap:
 PSYoungGen      total 141824K, used 8617K [0x000000076ac00000, 0x000000077c100000, 0x00000007c0000000)
  eden space 131072K, 6% used [0x000000076ac00000,0x000000076b46a620,0x0000000772c00000)
  from space 10752K, 0% used [0x0000000772c00000,0x0000000772c00000,0x0000000773680000)
  to   space 10752K, 0% used [0x000000077b680000,0x000000077b680000,0x000000077c100000)
 ParOldGen       total 126464K, used 17226K [0x00000006c0400000, 0x00000006c7f80000, 0x000000076ac00000)
  object space 126464K, 13% used [0x00000006c0400000,0x00000006c14d2b50,0x00000006c7f80000)
 Metaspace       used 21765K, capacity 22028K, committed 22400K, reserved 1069056K
  class space    used 2757K, capacity 2854K, committed 2944K, reserved 1048576K

Card table byte_map: [0x0000023db4e50000,0x0000023db5650000] byte_map_base: 0x0000023db184e000

Marking Bits: (ParMarkBitMap*) 0x0000000059c20850
 Begin Bits: [0x0000023db5bb0000, 0x0000023db9ba0000)
 End Bits:   [0x0000023db9ba0000, 0x0000023dbdb90000)

Polling page: 0x0000023da4290000

CodeCache: size=245760Kb used=10159Kb max_used=10161Kb free=235600Kb
 bounds [0x0000023da5a90000, 0x0000023da6490000, 0x0000023db4a90000]
 total_blobs=3596 nmethods=3143 adapters=365
 compilation: enabled

Compilation events (10 events):
Event: 3.085 Thread 0x0000023dbee96000 3140       3       java.io.FileInputStream::read (9 bytes)
Event: 3.086 Thread 0x0000023dbee96000 nmethod 3140 0x0000023da6483310 code [0x0000023da6483480, 0x0000023da6483610]
Event: 3.095 Thread 0x0000023dbee96000 3141       3       java.nio.DirectByteBuffer::put (18 bytes)
Event: 3.095 Thread 0x0000023dbee96000 nmethod 3141 0x0000023da6482850 code [0x0000023da64829c0, 0x0000023da6482c38]
Event: 3.095 Thread 0x0000023dbee96000 3142       3       java.nio.DirectByteBuffer::ix (10 bytes)
Event: 3.095 Thread 0x0000023dbee96000 nmethod 3142 0x0000023da6482510 code [0x0000023da6482660, 0x0000023da64827b8]
Event: 3.095 Thread 0x0000023dbee96000 3144       3       java.nio.DirectByteBuffer::put (18 bytes)
Event: 3.095 Thread 0x0000023dbee96000 nmethod 3144 0x0000023da6482010 code [0x0000023da6482180, 0x0000023da64823f8]
Event: 3.095 Thread 0x0000023dbee96000 3145       1       java.nio.DirectByteBuffer::ix (10 bytes)
Event: 3.096 Thread 0x0000023dbee96000 nmethod 3145 0x0000023da6481d50 code [0x0000023da6481ea0, 0x0000023da6481fb8]

GC Heap History (8 events):
Event: 0.934 GC heap before
{Heap before GC invocations=1 (full 0):
 PSYoungGen      total 76288K, used 65536K [0x000000076ac00000, 0x0000000770100000, 0x00000007c0000000)
  eden space 65536K, 100% used [0x000000076ac00000,0x000000076ec00000,0x000000076ec00000)
  from space 10752K, 0% used [0x000000076f680000,0x000000076f680000,0x0000000770100000)
  to   space 10752K, 0% used [0x000000076ec00000,0x000000076ec00000,0x000000076f680000)
 ParOldGen       total 175104K, used 0K [0x00000006c0400000, 0x00000006caf00000, 0x000000076ac00000)
  object space 175104K, 0% used [0x00000006c0400000,0x00000006c0400000,0x00000006caf00000)
 Metaspace       used 10174K, capacity 10324K, committed 10624K, reserved 1058816K
  class space    used 1213K, capacity 1288K, committed 1408K, reserved 1048576K
Event: 0.947 GC heap after
Heap after GC invocations=1 (full 0):
 PSYoungGen      total 76288K, used 10730K [0x000000076ac00000, 0x0000000774100000, 0x00000007c0000000)
  eden space 65536K, 0% used [0x000000076ac00000,0x000000076ac00000,0x000000076ec00000)
  from space 10752K, 99% used [0x000000076ec00000,0x000000076f67a808,0x000000076f680000)
  to   space 10752K, 0% used [0x0000000773680000,0x0000000773680000,0x0000000774100000)
 ParOldGen       total 175104K, used 3685K [0x00000006c0400000, 0x00000006caf00000, 0x000000076ac00000)
  object space 175104K, 2% used [0x00000006c0400000,0x00000006c0799400,0x00000006caf00000)
 Metaspace       used 10174K, capacity 10324K, committed 10624K, reserved 1058816K
  class space    used 1213K, capacity 1288K, committed 1408K, reserved 1048576K
}
Event: 1.709 GC heap before
{Heap before GC invocations=2 (full 0):
 PSYoungGen      total 76288K, used 76266K [0x000000076ac00000, 0x0000000774100000, 0x00000007c0000000)
  eden space 65536K, 100% used [0x000000076ac00000,0x000000076ec00000,0x000000076ec00000)
  from space 10752K, 99% used [0x000000076ec00000,0x000000076f67a808,0x000000076f680000)
  to   space 10752K, 0% used [0x0000000773680000,0x0000000773680000,0x0000000774100000)
 ParOldGen       total 175104K, used 3685K [0x00000006c0400000, 0x00000006caf00000, 0x000000076ac00000)
  object space 175104K, 2% used [0x00000006c0400000,0x00000006c0799400,0x00000006caf00000)
 Metaspace       used 17376K, capacity 17590K, committed 17920K, reserved 1064960K
  class space    used 2215K, capacity 2291K, committed 2304K, reserved 1048576K
Event: 1.727 GC heap after
Heap after GC invocations=2 (full 0):
 PSYoungGen      total 141824K, used 10740K [0x000000076ac00000, 0x0000000774100000, 0x00000007c0000000)
  eden space 131072K, 0% used [0x000000076ac00000,0x000000076ac00000,0x0000000772c00000)
  from space 10752K, 99% used [0x0000000773680000,0x00000007740fd1f8,0x0000000774100000)
  to   space 10752K, 0% used [0x0000000772c00000,0x0000000772c00000,0x0000000773680000)
 ParOldGen       total 175104K, used 11590K [0x00000006c0400000, 0x00000006caf00000, 0x000000076ac00000)
  object space 175104K, 6% used [0x00000006c0400000,0x00000006c0f519a8,0x00000006caf00000)
 Metaspace       used 17376K, capacity 17590K, committed 17920K, reserved 1064960K
  class space    used 2215K, capacity 2291K, committed 2304K, reserved 1048576K
}
Event: 2.479 GC heap before
{Heap before GC invocations=3 (full 0):
 PSYoungGen      total 141824K, used 53457K [0x000000076ac00000, 0x0000000774100000, 0x00000007c0000000)
  eden space 131072K, 32% used [0x000000076ac00000,0x000000076d5b74d8,0x0000000772c00000)
  from space 10752K, 99% used [0x0000000773680000,0x00000007740fd1f8,0x0000000774100000)
  to   space 10752K, 0% used [0x0000000772c00000,0x0000000772c00000,0x0000000773680000)
 ParOldGen       total 175104K, used 11590K [0x00000006c0400000, 0x00000006caf00000, 0x000000076ac00000)
  object space 175104K, 6% used [0x00000006c0400000,0x00000006c0f519a8,0x00000006caf00000)
 Metaspace       used 20815K, capacity 21068K, committed 21248K, reserved 1067008K
  class space    used 2649K, capacity 2726K, committed 2816K, reserved 1048576K
Event: 2.496 GC heap after
Heap after GC invocations=3 (full 0):
 PSYoungGen      total 141824K, used 10720K [0x000000076ac00000, 0x000000077c100000, 0x00000007c0000000)
  eden space 131072K, 0% used [0x000000076ac00000,0x000000076ac00000,0x0000000772c00000)
  from space 10752K, 99% used [0x0000000772c00000,0x0000000773678330,0x0000000773680000)
  to   space 10752K, 0% used [0x000000077b680000,0x000000077b680000,0x000000077c100000)
 ParOldGen       total 175104K, used 16896K [0x00000006c0400000, 0x00000006caf00000, 0x000000076ac00000)
  object space 175104K, 9% used [0x00000006c0400000,0x00000006c14803e8,0x00000006caf00000)
 Metaspace       used 20815K, capacity 21068K, committed 21248K, reserved 1067008K
  class space    used 2649K, capacity 2726K, committed 2816K, reserved 1048576K
}
Event: 2.496 GC heap before
{Heap before GC invocations=4 (full 1):
 PSYoungGen      total 141824K, used 10720K [0x000000076ac00000, 0x000000077c100000, 0x00000007c0000000)
  eden space 131072K, 0% used [0x000000076ac00000,0x000000076ac00000,0x0000000772c00000)
  from space 10752K, 99% used [0x0000000772c00000,0x0000000773678330,0x0000000773680000)
  to   space 10752K, 0% used [0x000000077b680000,0x000000077b680000,0x000000077c100000)
 ParOldGen       total 175104K, used 16896K [0x00000006c0400000, 0x00000006caf00000, 0x000000076ac00000)
  object space 175104K, 9% used [0x00000006c0400000,0x00000006c14803e8,0x00000006caf00000)
 Metaspace       used 20815K, capacity 21068K, committed 21248K, reserved 1067008K
  class space    used 2649K, capacity 2726K, committed 2816K, reserved 1048576K
Event: 2.553 GC heap after
Heap after GC invocations=4 (full 1):
 PSYoungGen      total 141824K, used 0K [0x000000076ac00000, 0x000000077c100000, 0x00000007c0000000)
  eden space 131072K, 0% used [0x000000076ac00000,0x000000076ac00000,0x0000000772c00000)
  from space 10752K, 0% used [0x0000000772c00000,0x0000000772c00000,0x0000000773680000)
  to   space 10752K, 0% used [0x000000077b680000,0x000000077b680000,0x000000077c100000)
 ParOldGen       total 126464K, used 17226K [0x00000006c0400000, 0x00000006c7f80000, 0x000000076ac00000)
  object space 126464K, 13% used [0x00000006c0400000,0x00000006c14d2b50,0x00000006c7f80000)
 Metaspace       used 20815K, capacity 21068K, committed 21248K, reserved 1067008K
  class space    used 2649K, capacity 2726K, committed 2816K, reserved 1048576K
}

Deoptimization events (10 events):
Event: 2.137 Thread 0x0000023da40cd800 Uncommon trap: reason=unstable_if action=reinterpret pc=0x0000023da6225470 method=org.antlr.runtime.CommonTokenStream.consume()V @ 13
Event: 2.143 Thread 0x0000023da40cd800 Uncommon trap: reason=unstable_if action=reinterpret pc=0x0000023da61fbd20 method=java.util.HashMap.computeIfAbsent(Ljava/lang/Object;Ljava/util/function/Function;)Ljava/lang/Object; @ 44
Event: 2.294 Thread 0x0000023da40cd800 Uncommon trap: reason=unstable_if action=reinterpret pc=0x0000023da5fa1c28 method=java.util.concurrent.ConcurrentHashMap.putVal(Ljava/lang/Object;Ljava/lang/Object;Z)Ljava/lang/Object; @ 181
Event: 2.385 Thread 0x0000023da40cd800 Uncommon trap: reason=bimorphic action=maybe_recompile pc=0x0000023da636b708 method=com.google.common.collect.AbstractIterator.tryToComputeNext()Z @ 9
Event: 2.385 Thread 0x0000023da40cd800 Uncommon trap: reason=bimorphic action=maybe_recompile pc=0x0000023da636b708 method=com.google.common.collect.AbstractIterator.tryToComputeNext()Z @ 9
Event: 2.386 Thread 0x0000023da40cd800 Uncommon trap: reason=bimorphic action=maybe_recompile pc=0x0000023da636b708 method=com.google.common.collect.AbstractIterator.tryToComputeNext()Z @ 9
Event: 2.386 Thread 0x0000023da40cd800 Uncommon trap: reason=bimorphic action=maybe_recompile pc=0x0000023da636b708 method=com.google.common.collect.AbstractIterator.tryToComputeNext()Z @ 9
Event: 2.609 Thread 0x0000023da40cd800 Uncommon trap: reason=unstable_if action=reinterpret pc=0x0000023da5dedc90 method=java.io.WinNTFileSystem.normalize(Ljava/lang/String;)Ljava/lang/String; @ 49
Event: 2.627 Thread 0x0000023da40cd800 Uncommon trap: reason=predicate action=maybe_recompile pc=0x0000023da5f00db0 method=java.lang.String.regionMatches(ZILjava/lang/String;II)Z @ 63
Event: 3.062 Thread 0x0000023da40cd800 Uncommon trap: reason=unstable_if action=reinterpret pc=0x0000023da5ca1a1c method=java.lang.ThreadLocal$ThreadLocalMap.getEntry(Ljava/lang/ThreadLocal;)Ljava/lang/ThreadLocal$ThreadLocalMap$Entry; @ 29

Classes redefined (0 events):
No events

Internal exceptions (10 events):
Event: 2.173 Thread 0x0000023da40cd800 Exception <a 'java/io/FileNotFoundException'> (0x000000076c487728) thrown at [E:\Jenkins\workspace\temp\workspace\build\src\hotspot\src\share\vm\prims\jni.cpp, line 709]
Event: 2.401 Thread 0x0000023da40cd800 Exception <a 'java/lang/reflect/InvocationTargetException'> (0x000000076d14e0d8) thrown at [E:\Jenkins\workspace\temp\workspace\build\src\hotspot\src\share\vm\runtime\reflection.cpp, line 1092]
Event: 2.403 Thread 0x0000023da40cd800 Exception <a 'java/lang/reflect/InvocationTargetException'> (0x000000076d16a4c0) thrown at [E:\Jenkins\workspace\temp\workspace\build\src\hotspot\src\share\vm\runtime\reflection.cpp, line 1092]
Event: 2.406 Thread 0x0000023da40cd800 Exception <a 'java/lang/reflect/InvocationTargetException'> (0x000000076d186990) thrown at [E:\Jenkins\workspace\temp\workspace\build\src\hotspot\src\share\vm\runtime\reflection.cpp, line 1092]
Event: 3.101 Thread 0x0000023da40cd800 Exception <a 'java/security/PrivilegedActionException'> (0x000000076b32e920) thrown at [E:\Jenkins\workspace\temp\workspace\build\src\hotspot\src\share\vm\prims\jvm.cpp, line 1514]
Event: 3.101 Thread 0x0000023da40cd800 Exception <a 'java/security/PrivilegedActionException'> (0x000000076b32fe50) thrown at [E:\Jenkins\workspace\temp\workspace\build\src\hotspot\src\share\vm\prims\jvm.cpp, line 1514]
Event: 3.101 Thread 0x0000023da40cd800 Exception <a 'java/security/PrivilegedActionException'> (0x000000076b331280) thrown at [E:\Jenkins\workspace\temp\workspace\build\src\hotspot\src\share\vm\prims\jvm.cpp, line 1514]
Event: 3.101 Thread 0x0000023da40cd800 Exception <a 'java/security/PrivilegedActionException'> (0x000000076b332940) thrown at [E:\Jenkins\workspace\temp\workspace\build\src\hotspot\src\share\vm\prims\jvm.cpp, line 1514]
Event: 3.101 Thread 0x0000023da40cd800 Exception <a 'java/security/PrivilegedActionException'> (0x000000076b333d38) thrown at [E:\Jenkins\workspace\temp\workspace\build\src\hotspot\src\share\vm\prims\jvm.cpp, line 1514]
Event: 3.101 Thread 0x0000023da40cd800 Exception <a 'java/security/PrivilegedActionException'> (0x000000076b335100) thrown at [E:\Jenkins\workspace\temp\workspace\build\src\hotspot\src\share\vm\prims\jvm.cpp, line 1514]

Events (10 events):
Event: 3.128 loading class org/lwjgl/openal/ALCdevice
Event: 3.128 loading class org/lwjgl/openal/ALCdevice done
Event: 3.128 loading class org/lwjgl/openal/ALCcontext
Event: 3.128 loading class org/lwjgl/openal/ALCcontext done
Event: 3.129 loading class java/nio/DirectIntBufferU
Event: 3.129 loading class java/nio/DirectIntBufferU done
Event: 3.129 loading class org/lwjgl/openal/Util
Event: 3.129 loading class org/lwjgl/openal/Util done
Event: 3.129 loading class org/lwjgl/openal/OpenALException
Event: 3.129 loading class org/lwjgl/openal/OpenALException done


Dynamic libraries:
0x00007ff624c40000 - 0x00007ff624c91000 	C:\Program Files\Eclipse Adoptium\jdk-8.0.402.6-hotspot\bin\javaw.exe
0x00007ff92c490000 - 0x00007ff92c688000 	C:\Windows\SYSTEM32\ntdll.dll
0x00007ff913290000 - 0x00007ff9132a9000 	C:\Program Files\Avast Software\Avast\aswhook.dll
0x00007ff92ab70000 - 0x00007ff92ac2d000 	C:\Windows\System32\KERNEL32.DLL
0x00007ff929d60000 - 0x00007ff92a056000 	C:\Windows\System32\KERNELBASE.dll
0x00007ff92c3a0000 - 0x00007ff92c450000 	C:\Windows\System32\ADVAPI32.dll
0x00007ff92a4c0000 - 0x00007ff92a55e000 	C:\Windows\System32\msvcrt.dll
0x00007ff92aad0000 - 0x00007ff92ab70000 	C:\Windows\System32\sechost.dll
0x00007ff92a770000 - 0x00007ff92a895000 	C:\Windows\System32\RPCRT4.dll
0x00007ff92a460000 - 0x00007ff92a487000 	C:\Windows\System32\bcrypt.dll
0x00007ff92b350000 - 0x00007ff92b4ee000 	C:\Windows\System32\USER32.dll
0x00007ff92a490000 - 0x00007ff92a4b2000 	C:\Windows\System32\win32u.dll
0x00007ff92bba0000 - 0x00007ff92bbcb000 	C:\Windows\System32\GDI32.dll
0x00007ff929b40000 - 0x00007ff929c57000 	C:\Windows\System32\gdi32full.dll
0x00007ff92a230000 - 0x00007ff92a2cd000 	C:\Windows\System32\msvcp_win.dll
0x00007ff92a360000 - 0x00007ff92a460000 	C:\Windows\System32\ucrtbase.dll
0x00007ff915bb0000 - 0x00007ff915e4a000 	C:\Windows\WinSxS\amd64_microsoft.windows.common-controls_6595b64144ccf1df_6.0.19041.3636_none_60b6a03d71f818d5\COMCTL32.dll
0x00007ff92b4f0000 - 0x00007ff92b522000 	C:\Windows\System32\IMM32.DLL
0x00007ff925580000 - 0x00007ff925595000 	C:\Program Files\Eclipse Adoptium\jdk-8.0.402.6-hotspot\jre\bin\vcruntime140.dll
0x00007ff91dd50000 - 0x00007ff91ddeb000 	C:\Program Files\Eclipse Adoptium\jdk-8.0.402.6-hotspot\jre\bin\msvcp140.dll
0x0000000059440000 - 0x0000000059c99000 	C:\Program Files\Eclipse Adoptium\jdk-8.0.402.6-hotspot\jre\bin\server\jvm.dll
0x00007ff92b340000 - 0x00007ff92b348000 	C:\Windows\System32\PSAPI.DLL
0x00007ff925390000 - 0x00007ff92539a000 	C:\Windows\SYSTEM32\VERSION.dll
0x00007ff923f80000 - 0x00007ff923f89000 	C:\Windows\SYSTEM32\WSOCK32.dll
0x00007ff924490000 - 0x00007ff9244b7000 	C:\Windows\SYSTEM32\WINMM.dll
0x00007ff92aa60000 - 0x00007ff92aacb000 	C:\Windows\System32\WS2_32.dll
0x00007ff927a10000 - 0x00007ff927a22000 	C:\Windows\SYSTEM32\kernel.appcore.dll
0x00007ff925660000 - 0x00007ff925670000 	C:\Program Files\Eclipse Adoptium\jdk-8.0.402.6-hotspot\jre\bin\verify.dll
0x00007ff91fb90000 - 0x00007ff91fbbb000 	C:\Program Files\Eclipse Adoptium\jdk-8.0.402.6-hotspot\jre\bin\java.dll
0x00007ff91f690000 - 0x00007ff91f6a8000 	C:\Program Files\Eclipse Adoptium\jdk-8.0.402.6-hotspot\jre\bin\zip.dll
0x00007ff92bc30000 - 0x00007ff92c39b000 	C:\Windows\System32\SHELL32.dll
0x00007ff927c10000 - 0x00007ff9283ae000 	C:\Windows\SYSTEM32\windows.storage.dll
0x00007ff92ae30000 - 0x00007ff92b183000 	C:\Windows\System32\combase.dll
0x00007ff929500000 - 0x00007ff92952e000 	C:\Windows\SYSTEM32\Wldp.dll
0x00007ff92b660000 - 0x00007ff92b72d000 	C:\Windows\System32\OLEAUT32.dll
0x00007ff92a6c0000 - 0x00007ff92a76d000 	C:\Windows\System32\SHCORE.dll
0x00007ff92a5e0000 - 0x00007ff92a635000 	C:\Windows\System32\shlwapi.dll
0x00007ff929a70000 - 0x00007ff929a95000 	C:\Windows\SYSTEM32\profapi.dll
0x0000000065580000 - 0x0000000065616000 	C:\Users\Erika Campos\AppData\Local\Temp\libgdxErika Campos\12dfaa03\gdx64.dll
0x00007ff929400000 - 0x00007ff929418000 	C:\Windows\SYSTEM32\CRYPTSP.dll
0x00007ff928b30000 - 0x00007ff928b64000 	C:\Windows\system32\rsaenh.dll
0x00007ff929a30000 - 0x00007ff929a5e000 	C:\Windows\SYSTEM32\USERENV.dll
0x00007ff92a2d0000 - 0x00007ff92a352000 	C:\Windows\System32\bcryptprimitives.dll
0x00007ff9293f0000 - 0x00007ff9293fc000 	C:\Windows\SYSTEM32\CRYPTBASE.dll
0x00007ff91f670000 - 0x00007ff91f68c000 	C:\Program Files\Eclipse Adoptium\jdk-8.0.402.6-hotspot\jre\bin\net.dll
0x00007ff929200000 - 0x00007ff92926a000 	C:\Windows\system32\mswsock.dll
0x00007ff928ef0000 - 0x00007ff928f2b000 	C:\Windows\SYSTEM32\IPHLPAPI.DLL
0x00007ff92b540000 - 0x00007ff92b548000 	C:\Windows\System32\NSI.dll
0x00007ff924160000 - 0x00007ff924177000 	C:\Windows\SYSTEM32\dhcpcsvc6.DLL
0x00007ff924100000 - 0x00007ff92411d000 	C:\Windows\SYSTEM32\dhcpcsvc.DLL
0x00007ff928f30000 - 0x00007ff928ffb000 	C:\Windows\SYSTEM32\DNSAPI.dll
0x00007ff91d780000 - 0x00007ff91d793000 	C:\Program Files\Eclipse Adoptium\jdk-8.0.402.6-hotspot\jre\bin\nio.dll
0x0000000180000000 - 0x0000000180053000 	C:\Users\Erika Campos\AppData\Local\Temp\libgdxErika Campos\dc0f0009\lwjgl64.dll
0x00007ff90c750000 - 0x00007ff90c875000 	C:\Windows\SYSTEM32\OPENGL32.dll
0x00007ff91fbf0000 - 0x00007ff91fc1c000 	C:\Windows\SYSTEM32\GLU32.dll
0x0000023dc59b0000 - 0x0000023dc5a14000 	C:\Users\ERIKAC~1\AppData\Local\Temp\libgdxErika Campos\dc0f0009\OpenAL64.dll
0x00007ff92a930000 - 0x00007ff92aa5b000 	C:\Windows\System32\ole32.dll
0x00007ff927540000 - 0x00007ff9275de000 	C:\Windows\system32\uxtheme.dll
0x00007ff92b5b0000 - 0x00007ff92b659000 	C:\Windows\System32\clbcatq.dll
0x00007ff8f1ab0000 - 0x00007ff8f1b4c000 	C:\Windows\SYSTEM32\dsound.dll
0x00007ff91fa20000 - 0x00007ff91fa46000 	C:\Windows\SYSTEM32\winmmbase.dll
0x00007ff9296b0000 - 0x00007ff9296fb000 	C:\Windows\SYSTEM32\powrprof.dll
0x00007ff9295a0000 - 0x00007ff9295b2000 	C:\Windows\SYSTEM32\UMPDC.dll
0x00007ff922f20000 - 0x00007ff922fa5000 	C:\Windows\System32\MMDevApi.dll
0x00007ff9298d0000 - 0x00007ff929903000 	C:\Windows\System32\DEVOBJ.dll
0x00007ff929c60000 - 0x00007ff929cae000 	C:\Windows\System32\cfgmgr32.dll
0x00007ff8fafd0000 - 0x00007ff8fb152000 	C:\Windows\SYSTEM32\AUDIOSES.DLL
0x00007ff9225a0000 - 0x00007ff922784000 	C:\Windows\SYSTEM32\dbghelp.dll

VM Arguments:
jvm_args: -Duser.language=es_AR -Dfile.encoding=UTF-8 
java_command: org.uqbar.project.wollok.launch.WollokLauncher -requestsPort 0 -eventsPort 0 -folder -dontValidate -coercingStrategy decimals -wf src/program.wpgm -darkMode
java_class_path (initial): D:\ERIKA\OBJETOS 1\wollok-win32.win32.x86_64\workspace\pacmanBasicGame-Erika-Campos-V\bin;D:\ERIKA\OBJETOS 1\wollok-win32.win32.x86_64\plugins\com.ibm.icu_64.2.0.v20190507-1337.jar;D:\ERIKA\OBJETOS 1\wollok-win32.win32.x86_64\plugins\org.eclipse.xtext_2.20.0.v20191202-0915.jar;D:\ERIKA\OBJETOS 1\wollok-win32.win32.x86_64\plugins\org.eclipse.emf.ecore.xmi_2.16.0.v20190528-0725.jar;D:\ERIKA\OBJETOS 1\wollok-win32.win32.x86_64\plugins\org.eclipse.emf.ecore_2.20.0.v20190920-0401.jar;D:\ERIKA\OBJETOS 1\wollok-win32.win32.x86_64\plugins\org.eclipse.emf.common_2.17.0.v20190920-0401.jar;D:\ERIKA\OBJETOS 1\wollok-win32.win32.x86_64\plugins\org.antlr.runtime_3.2.0.v201101311130.jar;D:\ERIKA\OBJETOS 1\wollok-win32.win32.x86_64\plugins\com.google.inject_3.0.0.v201605172100.jar;D:\ERIKA\OBJETOS 1\wollok-win32.win32.x86_64\plugins\org.eclipse.emf.mwe.core_1.5.1.v20191121-1148.jar;D:\ERIKA\OBJETOS 1\wollok-win32.win32.x86_64\plugins\org.apache.commons.cli_1.2.0.v201404270220.jar;D:\ERIKA\OBJETOS 1\wollok-win32.win32.x86_64\plugins\org.eclipse.emf.mwe2.runtime_2.11.1.v20191121-1148.jar;D:\ERIKA\OBJETOS 1\wollok-win32.win32.x86_64\plugins\org.eclipse.emf.mwe.utils_1.5.1.v20191121-1148.jar;D:\ERIKA\OBJETOS 1\wollok-win32.win32.x86_64\plugins\org.eclipse.xtext.util_2.20.0.v20191202-0915.jar;D:\ERIKA\OBJETOS 1\wollok-win32.win32.x86_64\plugins\com.google.guava_27.1.0.v20190517-1946.jar;D:\ERIKA\OBJETOS 1\wollok-win32.win32.x86_64\plugins\javax.inject_1.0.0.v20091030.jar;D:\ERIKA\OBJETOS 1\wollok-win32.win32.x86_64\plugins\org.eclipse.xtext.generator_2.20.0.v20191202-0933.jar;D:\ERIKA\OBJETOS 1\wollok-win32.win32.x86_64\plugins\org.eclipse.xtext.xtext.generator_2.20.0.v20191202-0915.jar;D:\ERIKA\OBJETOS 1\wollok-win32.win32.x86_64\plugins\org.eclipse.xtext.xbase.lib_2.20.0.v20191202-0907.jar;D:\ERIKA\OBJETOS 1\wollok-win32.win32.x86_64\plugins\org.eclipse.emf.codegen.ecore_2.20.0.v20191012-0918.jar;D:\ERIKA\OBJETOS 1\wollok-win32.win32.x86_64\plugins\org.ecl
Launcher Type: SUN_STANDARD

Environment Variables:
PATH=C:/Program Files/Eclipse Adoptium/jdk-8.0.402.6-hotspot/bin/../jre/bin/server;C:/Program Files/Eclipse Adoptium/jdk-8.0.402.6-hotspot/bin/../jre/bin;C:/Program Files/Eclipse Adoptium/jdk-8.0.402.6-hotspot/bin/../jre/lib/amd64;C:\Program Files\Eclipse Adoptium\jdk-8.0.402.6-hotspot\bin;C:\Program Files\Common Files\Oracle\Java\javapath;C:\Program Files (x86)\Common Files\Oracle\Java\javapath;C:\Program Files (x86)\Common Files\Intel\Shared Libraries\redist\intel64\compiler;C:\Windows\system32;C:\Windows;C:\Windows\System32\Wbem;C:\Windows\System32\WindowsPowerShell\v1.0\;C:\Windows\System32\OpenSSH\;C:\Program Files\dotnet\;C:\Program Files\Microsoft SQL Server\150\Tools\Binn\;C:\Program Files\Microsoft SQL Server\Client SDK\ODBC\170\Tools\Binn\;C:\Program Files\nodejs\;C:\ProgramData\chocolatey\bin;C:\Program Files\Git\cmd;C:\Program Files\MySQL\MySQL Shell 8.0\bin\;C:\Users\Erika Campos\AppData\Local\Microsoft\WindowsApps;C:\Users\Erika Campos\.dotnet\tools;C:\Users\Erika Campos\AppData\Local\Programs\Microsoft VS Code\bin;C:\Users\Erika Campos\AppData\Local\GitHubDesktop\bin;C:\Users\Erika Campos\AppData\Roaming\npm;C:\Program Files\JetBrains\IntelliJ IDEA Community Edition 2022.3.2\bin;;D:\ERIKA\OBJETOS 1\wollok-win32.win32.x86_64;
USERNAME=Erika Campos
OS=Windows_NT
PROCESSOR_IDENTIFIER=AMD64 Family 21 Model 2 Stepping 0, AuthenticAMD



---------------  S Y S T E M  ---------------

OS: Windows 10 , 64 bit Build 19041 (10.0.19041.3636)

CPU:total 8 (initial active 8) (8 cores per cpu, 1 threads per core) family 21 model 2 stepping 0, cmov, cx8, fxsr, mmx, sse, sse2, sse3, ssse3, sse4.1, sse4.2, popcnt, avx, aes, clmul, mmxext, 3dnowpref, lzcnt, sse4a, tsc, tscinvbit, tscinv, bmi1

Memory: 4k page, physical 16758900k(6676660k free), swap 20306208k(2502652k free)

vm_info: OpenJDK 64-Bit Server VM (25.402-b06) for windows-amd64 JRE (1.8.0_402-b06), built on Jan 16 2024 21:53:06 by "jenkins" with MS VC++ 15.9 (VS2017)

time: Wed Apr 10 16:38:44 2024
timezone: Hora estándar de Argentina
elapsed time: 3.237272 seconds (0d 0h 0m 3s)

